Using pre-set license
Built from '6000.0/staging' branch; Version is '6000.0.38f1 (82314a941f2d) revision 8532298'; Using compiler version '193933523'; Build Type 'Release'
OS: 'Windows 10  (10.0.19045) 64bit Professional' Language: 'pt' Physical Memory: 8138 MB
BatchMode: 1, IsHumanControllingUs: 0, StartBugReporterOnCrash: 0, Is64bit: 1, IsPro: 1

COMMAND LINE ARGUMENTS:
C:\Program Files\Unity\Hub\Editor\6000.0.38f1\Editor\Unity.exe
-adb2
-batchMode
-noUpm
-name
AssetImportWorker1
-projectPath
C:/ProjetosUnitySSD/SwampDefense
-logFile
Logs/AssetImportWorker1.log
-srvPort
65367
-job-worker-count
3
-background-job-worker-count
8
-gc-helper-count
1
Successfully changed project path to: C:/ProjetosUnitySSD/SwampDefense
C:/ProjetosUnitySSD/SwampDefense
[UnityMemory] Configuration Parameters - Can be set up in boot.config
    "memorysetup-bucket-allocator-granularity=16"
    "memorysetup-bucket-allocator-bucket-count=8"
    "memorysetup-bucket-allocator-block-size=33554432"
    "memorysetup-bucket-allocator-block-count=8"
    "memorysetup-main-allocator-block-size=16777216"
    "memorysetup-thread-allocator-block-size=16777216"
    "memorysetup-gfx-main-allocator-block-size=16777216"
    "memorysetup-gfx-thread-allocator-block-size=16777216"
    "memorysetup-cache-allocator-block-size=4194304"
    "memorysetup-typetree-allocator-block-size=2097152"
    "memorysetup-profiler-bucket-allocator-granularity=16"
    "memorysetup-profiler-bucket-allocator-bucket-count=8"
    "memorysetup-profiler-bucket-allocator-block-size=33554432"
    "memorysetup-profiler-bucket-allocator-block-count=8"
    "memorysetup-profiler-allocator-block-size=16777216"
    "memorysetup-profiler-editor-allocator-block-size=1048576"
    "memorysetup-temp-allocator-size-main=16777216"
    "memorysetup-job-temp-allocator-block-size=2097152"
    "memorysetup-job-temp-allocator-block-size-background=1048576"
    "memorysetup-job-temp-allocator-reduction-small-platforms=262144"
    "memorysetup-allocator-temp-initial-block-size-main=262144"
    "memorysetup-allocator-temp-initial-block-size-worker=262144"
    "memorysetup-temp-allocator-size-background-worker=32768"
    "memorysetup-temp-allocator-size-job-worker=262144"
    "memorysetup-temp-allocator-size-preload-manager=33554432"
    "memorysetup-temp-allocator-size-nav-mesh-worker=65536"
    "memorysetup-temp-allocator-size-audio-worker=65536"
    "memorysetup-temp-allocator-size-cloud-worker=32768"
    "memorysetup-temp-allocator-size-gi-baking-worker=262144"
    "memorysetup-temp-allocator-size-gi-baking-worker=262144"
    "memorysetup-temp-allocator-size-gi-baking-worker=262144"
    "memorysetup-temp-allocator-size-gi-baking-worker=262144"
    "memorysetup-temp-allocator-size-gi-baking-worker=262144"
    "memorysetup-temp-allocator-size-gfx=262144"
Player connection [12212]  Target information:

Player connection [12212]  * "[IP] 192.168.1.18 [Port] 0 [Flags] 2 [Guid] 615370868 [EditorId] 615370868 [Version] 1048832 [Id] WindowsEditor(7,DESKTOP-7AJ37T3) [Debug] 1 [PackageName] WindowsEditor [ProjectName] Editor" 

Player connection [12212]  * "[IP] 26.92.63.251 [Port] 0 [Flags] 2 [Guid] 615370868 [EditorId] 615370868 [Version] 1048832 [Id] WindowsEditor(7,DESKTOP-7AJ37T3) [Debug] 1 [PackageName] WindowsEditor [ProjectName] Editor" 

Player connection [12212]  * "[IP] 169.254.83.107 [Port] 0 [Flags] 2 [Guid] 615370868 [EditorId] 615370868 [Version] 1048832 [Id] WindowsEditor(7,DESKTOP-7AJ37T3) [Debug] 1 [PackageName] WindowsEditor [ProjectName] Editor" 

Player connection [12212]  * "[IP] 10.102.37.150 [Port] 0 [Flags] 2 [Guid] 615370868 [EditorId] 615370868 [Version] 1048832 [Id] WindowsEditor(7,DESKTOP-7AJ37T3) [Debug] 1 [PackageName] WindowsEditor [ProjectName] Editor" 

Player connection [12212] Host joined multi-casting on [225.0.0.222:54997]...
Player connection [12212] Host joined alternative multi-casting on [225.0.0.222:34997]...
JobSystem: Creating JobQueue using job-worker-count value 3
Input System module state changed to: Initialized.
[Physics::Module] Initialized fallback backend.
[Physics::Module] Id: 0xdecafbad
Library Redirect Path: Library/
[Physics::Module] Selected backend.
[Physics::Module] Name: PhysX
[Physics::Module] Id: 0xf2b8ea05
[Physics::Module] SDK Version: 4.1.2
[Physics::Module] Integration Version: 1.0.0
[Physics::Module] Threading Mode: Multi-Threaded
Refreshing native plugins compatible for Editor in 27.98 ms, found 4 plugins.
Preloading 0 native plugins for Editor in 0.00 ms.
Initialize engine version: 6000.0.38f1 (82314a941f2d)
[Subsystems] Discovering subsystems at path C:/Program Files/Unity/Hub/Editor/6000.0.38f1/Editor/Data/Resources/UnitySubsystems
[Subsystems] Discovering subsystems at path C:/ProjetosUnitySSD/SwampDefense/Assets
GfxDevice: creating device client; kGfxThreadingModeNonThreaded
Direct3D:
    Version:  Direct3D 11.0 [level 11.1]
    Renderer: NVIDIA GeForce GTX 1050 Ti (ID=0x1c82)
    Vendor:   NVIDIA
    VRAM:     4004 MB
    Driver:   32.0.15.7602
Initialize mono
Mono path[0] = 'C:/Program Files/Unity/Hub/Editor/6000.0.38f1/Editor/Data/Managed'
Mono path[1] = 'C:/Program Files/Unity/Hub/Editor/6000.0.38f1/Editor/Data/MonoBleedingEdge/lib/mono/unityjit-win32'
Mono config path = 'C:/Program Files/Unity/Hub/Editor/6000.0.38f1/Editor/Data/MonoBleedingEdge/etc'
Using monoOptions --debugger-agent=transport=dt_socket,embedding=1,server=y,suspend=n,address=127.0.0.1:56184
Begin MonoManager ReloadAssembly
Registering precompiled unity dll's ...
Register platform support module: C:/Program Files/Unity/Hub/Editor/6000.0.38f1/Editor/Data/PlaybackEngines/WebGLSupport/UnityEditor.WebGL.Extensions.dll
Register platform support module: C:/Program Files/Unity/Hub/Editor/6000.0.38f1/Editor/Data/PlaybackEngines/WindowsStandaloneSupport/UnityEditor.WindowsStandalone.Extensions.dll
Registered in 0.022043 seconds.
- Loaded All Assemblies, in  1.508 seconds
Native extension for WindowsStandalone target not found
Native extension for WebGL target not found
Mono: successfully reloaded assembly
- Finished resetting the current domain, in  0.990 seconds
Domain Reload Profiling: 2484ms
	BeginReloadAssembly (595ms)
		ExecutionOrderSort (0ms)
		DisableScriptedObjects (0ms)
		BackupInstance (0ms)
		ReleaseScriptingObjects (0ms)
		CreateAndSetChildDomain (2ms)
	RebuildCommonClasses (86ms)
	RebuildNativeTypeToScriptingClass (30ms)
	initialDomainReloadingComplete (218ms)
	LoadAllAssembliesAndSetupDomain (564ms)
		LoadAssemblies (582ms)
		RebuildTransferFunctionScriptingTraits (0ms)
		AnalyzeDomain (556ms)
			TypeCache.Refresh (552ms)
				TypeCache.ScanAssembly (516ms)
			BuildScriptInfoCaches (0ms)
			ResolveRequiredComponents (1ms)
	FinalizeReload (991ms)
		ReleaseScriptCaches (0ms)
		RebuildScriptCaches (0ms)
		SetupLoadedEditorAssemblies (887ms)
			LogAssemblyErrors (0ms)
			InitializePlatformSupportModulesInManaged (67ms)
			SetLoadedEditorAssemblies (24ms)
			BeforeProcessingInitializeOnLoad (203ms)
			ProcessInitializeOnLoadAttributes (431ms)
			ProcessInitializeOnLoadMethodAttributes (162ms)
			AfterProcessingInitializeOnLoad (0ms)
			EditorAssembliesLoaded (0ms)
		ExecutionOrderSort2 (0ms)
		AwakeInstancesAfterBackupRestoration (0ms)
========================================================================
Worker process is ready to serve import requests
Import Worker Mode flag is 0x00
Begin MonoManager ReloadAssembly
- Loaded All Assemblies, in  3.363 seconds
Refreshing native plugins compatible for Editor in 100.77 ms, found 4 plugins.
Native extension for WindowsStandalone target not found
Native extension for WebGL target not found
Mono: successfully reloaded assembly
- Finished resetting the current domain, in  2.958 seconds
Domain Reload Profiling: 6302ms
	BeginReloadAssembly (614ms)
		ExecutionOrderSort (0ms)
		DisableScriptedObjects (17ms)
		BackupInstance (0ms)
		ReleaseScriptingObjects (0ms)
		CreateAndSetChildDomain (57ms)
	RebuildCommonClasses (110ms)
	RebuildNativeTypeToScriptingClass (26ms)
	initialDomainReloadingComplete (107ms)
	LoadAllAssembliesAndSetupDomain (2487ms)
		LoadAssemblies (1983ms)
		RebuildTransferFunctionScriptingTraits (0ms)
		AnalyzeDomain (956ms)
			TypeCache.Refresh (682ms)
				TypeCache.ScanAssembly (632ms)
			BuildScriptInfoCaches (243ms)
			ResolveRequiredComponents (24ms)
	FinalizeReload (2958ms)
		ReleaseScriptCaches (0ms)
		RebuildScriptCaches (0ms)
		SetupLoadedEditorAssemblies (1880ms)
			LogAssemblyErrors (0ms)
			InitializePlatformSupportModulesInManaged (6ms)
			SetLoadedEditorAssemblies (8ms)
			BeforeProcessingInitializeOnLoad (360ms)
			ProcessInitializeOnLoadAttributes (1042ms)
			ProcessInitializeOnLoadMethodAttributes (439ms)
			AfterProcessingInitializeOnLoad (23ms)
			EditorAssembliesLoaded (1ms)
		ExecutionOrderSort2 (0ms)
		AwakeInstancesAfterBackupRestoration (14ms)
Launched and connected shader compiler UnityShaderCompiler.exe after 0.05 seconds
Refreshing native plugins compatible for Editor in 5.88 ms, found 4 plugins.
Preloading 0 native plugins for Editor in 0.00 ms.
Unloading 206 Unused Serialized files (Serialized files now loaded: 0)
Unloading 6582 unused Assets / (6.9 MB). Loaded Objects now: 7220.
Memory consumption went from 167.9 MB to 161.0 MB.
Total: 36.074600 ms (FindLiveObjects: 2.585600 ms CreateObjectMapping: 2.786600 ms MarkObjects: 19.723400 ms  DeleteObjects: 10.974500 ms)

========================================================================
Received Import Request.
  Time since last request: 218871.818364 seconds.
  path: Assets/Scenes/SampleScene.unity
  artifactKey: Guid(8c9cfa26abfee488c85f1582747f6a02) Importer(815301076,1909f56bfc062723c751e8b465ee728b)
Start importing Assets/Scenes/SampleScene.unity using Guid(8c9cfa26abfee488c85f1582747f6a02) Importer(815301076,1909f56bfc062723c751e8b465ee728b) (PreviewImporter) -> (artifact id: '4356a4e0efafe2da4e825d4a5b22b180') in 0.0368231 seconds
Number of updated asset objects reloaded before import = 0Number of asset objects unloaded after import = 0

========================================================================
Received Import Request.
  Time since last request: 137.867660 seconds.
  path: Assets/InputSystem_Actions.inputactions
  artifactKey: Guid(2bcd2660ca9b64942af0de543d8d7100) Importer(2089858483,192608db42251d675da83286b1cce702)
Start importing Assets/InputSystem_Actions.inputactions using Guid(2bcd2660ca9b64942af0de543d8d7100) Importer(2089858483,192608db42251d675da83286b1cce702) (ScriptedImporter) -> (artifact id: '0c547619730fd1d5ca9179de1075dfea') in 0.706899 seconds
Number of updated asset objects reloaded before import = 0Number of asset objects unloaded after import = 21

========================================================================
Received Import Request.
  Time since last request: 0.000028 seconds.
  path: Assets/Settings/Scenes/URP2DSceneTemplate.unity
  artifactKey: Guid(2cda990e2423bbf4892e6590ba056729) Importer(2089858483,192608db42251d675da83286b1cce702)
Start importing Assets/Settings/Scenes/URP2DSceneTemplate.unity using Guid(2cda990e2423bbf4892e6590ba056729) Importer(2089858483,192608db42251d675da83286b1cce702) (ScriptedImporter) -> (artifact id: '443f981a19cb829b4f32a33b79bdf797') in 0.0151502 seconds
Number of updated asset objects reloaded before import = 0Number of asset objects unloaded after import = 1

========================================================================
Received Import Request.
  Time since last request: 0.000045 seconds.
  path: Assets/UniversalRenderPipelineGlobalSettings.asset
  artifactKey: Guid(93b439a37f63240aca3dd4e01d978a9f) Importer(2089858483,192608db42251d675da83286b1cce702)
Start importing Assets/UniversalRenderPipelineGlobalSettings.asset using Guid(93b439a37f63240aca3dd4e01d978a9f) Importer(2089858483,192608db42251d675da83286b1cce702) (ScriptedImporter) -> (artifact id: '8f7982bda103aebc9c8a1a45871e8b33') in 0.1682018 seconds
Number of updated asset objects reloaded before import = 0Number of asset objects unloaded after import = 0

========================================================================
Received Import Request.
  Time since last request: 0.000051 seconds.
  path: Assets/Sprites/Frogs/Frogs/Tank/sapotank_s_1.png
  artifactKey: Guid(542af7479c1e80b42a93c055f82fe776) Importer(2089858483,192608db42251d675da83286b1cce702)
Start importing Assets/Sprites/Frogs/Frogs/Tank/sapotank_s_1.png using Guid(542af7479c1e80b42a93c055f82fe776) Importer(2089858483,192608db42251d675da83286b1cce702) (ScriptedImporter) -> (artifact id: '5cffa30f4e164d2e054026e40d77e81c') in 0.1507634 seconds
Number of updated asset objects reloaded before import = 0Number of asset objects unloaded after import = 3

========================================================================
Received Import Request.
  Time since last request: 0.000034 seconds.
  path: Assets/Sprites/Frogs/Frogs/Tank/sapotank_s_2.png
  artifactKey: Guid(2072c6720488a5a4fa93b1b689238efd) Importer(2089858483,192608db42251d675da83286b1cce702)
Start importing Assets/Sprites/Frogs/Frogs/Tank/sapotank_s_2.png using Guid(2072c6720488a5a4fa93b1b689238efd) Importer(2089858483,192608db42251d675da83286b1cce702) (ScriptedImporter) -> (artifact id: '14a16c174c92434e6844cf48ae9420c1') in 0.0288595 seconds
Number of updated asset objects reloaded before import = 0Number of asset objects unloaded after import = 3

========================================================================
Received Import Request.
  Time since last request: 0.000022 seconds.
  path: Assets/Sprites/Frogs/Frogs/Tank/sapotank_s_3.png
  artifactKey: Guid(a7fbc30429a1c0c4287630350f16c52f) Importer(2089858483,192608db42251d675da83286b1cce702)
Start importing Assets/Sprites/Frogs/Frogs/Tank/sapotank_s_3.png using Guid(a7fbc30429a1c0c4287630350f16c52f) Importer(2089858483,192608db42251d675da83286b1cce702) (ScriptedImporter) -> (artifact id: '1f58f54a3622dbf10aff1fd63bff85f3') in 0.0282574 seconds
Number of updated asset objects reloaded before import = 0Number of asset objects unloaded after import = 3

========================================================================
Received Import Request.
  Time since last request: 1040.325455 seconds.
  path: Assets/PalletesSLA/New Palette.prefab
  artifactKey: Guid(0dbeeee0461228f49aa917aac49dc330) Importer(2089858483,192608db42251d675da83286b1cce702)
Start importing Assets/PalletesSLA/New Palette.prefab using Guid(0dbeeee0461228f49aa917aac49dc330) Importer(2089858483,192608db42251d675da83286b1cce702) (ScriptedImporter) -> (artifact id: '554b92eb75baee2b661067fac6a72a9a') in 0.6893887 seconds
Number of updated asset objects reloaded before import = 0Number of asset objects unloaded after import = 10

========================================================================
Received Import Request.
  Time since last request: 1007.420081 seconds.
  path: Assets/Settings/New Isometric Rule Tile.asset
  artifactKey: Guid(512f5a69a209118489ae2cc0e94062d3) Importer(2089858483,192608db42251d675da83286b1cce702)
Start importing Assets/Settings/New Isometric Rule Tile.asset using Guid(512f5a69a209118489ae2cc0e94062d3) Importer(2089858483,192608db42251d675da83286b1cce702) (ScriptedImporter) -> (artifact id: 'a539a51d8e80f49a5684d09fc1ac3750') in 2.1387982 seconds
Number of updated asset objects reloaded before import = 0Number of asset objects unloaded after import = 1

========================================================================
Received Import Request.
  Time since last request: 39.944363 seconds.
  path: Assets/Settings/Isometric Palette.prefab
  artifactKey: Guid(d22c156e12005f04ba76dfb381500d42) Importer(2089858483,192608db42251d675da83286b1cce702)
Start importing Assets/Settings/Isometric Palette.prefab using Guid(d22c156e12005f04ba76dfb381500d42) Importer(2089858483,192608db42251d675da83286b1cce702) (ScriptedImporter) -> (artifact id: '3f8982ea2e0695515b7323a4418a0228') in 0.0908517 seconds
Number of updated asset objects reloaded before import = 0Number of asset objects unloaded after import = 10

========================================================================
Received Import Request.
  Time since last request: 687.333624 seconds.
  path: Assets/Settings/Isometric Palette.prefab
  artifactKey: Guid(d22c156e12005f04ba76dfb381500d42) Importer(2089858483,192608db42251d675da83286b1cce702)
Start importing Assets/Settings/Isometric Palette.prefab using Guid(d22c156e12005f04ba76dfb381500d42) Importer(2089858483,192608db42251d675da83286b1cce702) (ScriptedImporter) -> (artifact id: 'dc9201c1357b9af36f9c6e696d9f9b68') in 0.0828195 seconds
Number of updated asset objects reloaded before import = 0Number of asset objects unloaded after import = 10

========================================================================
Received Import Request.
  Time since last request: 269.376132 seconds.
  path: Assets/Settings/Isometric Palette.prefab
  artifactKey: Guid(d22c156e12005f04ba76dfb381500d42) Importer(2089858483,192608db42251d675da83286b1cce702)
Start importing Assets/Settings/Isometric Palette.prefab using Guid(d22c156e12005f04ba76dfb381500d42) Importer(2089858483,192608db42251d675da83286b1cce702) (ScriptedImporter) -> (artifact id: '3239d6cc5786fcdc106ed67c703dbc9b') in 0.0592551 seconds
Number of updated asset objects reloaded before import = 0Number of asset objects unloaded after import = 10

========================================================================
Received Import Request.
  Time since last request: 155.567215 seconds.
  path: Assets/Settings/Isometric Palette.prefab
  artifactKey: Guid(d22c156e12005f04ba76dfb381500d42) Importer(815301076,1909f56bfc062723c751e8b465ee728b)
Start importing Assets/Settings/Isometric Palette.prefab using Guid(d22c156e12005f04ba76dfb381500d42) Importer(815301076,1909f56bfc062723c751e8b465ee728b) (PreviewImporter) -> (artifact id: 'ff86c9aee877707cd578291b402a5352') in 4.0112641 seconds
Number of updated asset objects reloaded before import = 0Number of asset objects unloaded after import = 15

========================================================================
Received Import Request.
  Time since last request: 182.967907 seconds.
  path: Assets/Tilemaps/quadrado-azul.png
  artifactKey: Guid(56b1fe3ab2d8aab4b87de054ba807f81) Importer(815301076,1909f56bfc062723c751e8b465ee728b)
Start importing Assets/Tilemaps/quadrado-azul.png using Guid(56b1fe3ab2d8aab4b87de054ba807f81) Importer(815301076,1909f56bfc062723c751e8b465ee728b) (PreviewImporter) -> (artifact id: '66fe83a08f3ba7638a38292bfaa211ba') in 0.1828456 seconds
Number of updated asset objects reloaded before import = 0Number of asset objects unloaded after import = 3

========================================================================
Received Import Request.
  Time since last request: 0.646299 seconds.
  path: Assets/Tilemaps/base ground.png
  artifactKey: Guid(b58821f9d81d4af49a39295586d15397) Importer(2089858483,192608db42251d675da83286b1cce702)
Start importing Assets/Tilemaps/base ground.png using Guid(b58821f9d81d4af49a39295586d15397) Importer(2089858483,192608db42251d675da83286b1cce702) (ScriptedImporter) -> (artifact id: 'e55d1175fd803126e208b19b7ee5c9d5') in 0.0489295 seconds
Number of updated asset objects reloaded before import = 0Number of asset objects unloaded after import = 3

========================================================================
Received Import Request.
  Time since last request: 8.244287 seconds.
  path: Assets/PalletesSLA/New Palette.prefab
  artifactKey: Guid(0dbeeee0461228f49aa917aac49dc330) Importer(2089858483,192608db42251d675da83286b1cce702)
Start importing Assets/PalletesSLA/New Palette.prefab using Guid(0dbeeee0461228f49aa917aac49dc330) Importer(2089858483,192608db42251d675da83286b1cce702) (ScriptedImporter) -> (artifact id: '7c184cf5d6a9802caf67d7bd7c75776f') in 0.0257666 seconds
Number of updated asset objects reloaded before import = 0Number of asset objects unloaded after import = 12

========================================================================
Received Import Request.
  Time since last request: 64.177491 seconds.
  path: Assets/TileMaps/New Palette.prefab
  artifactKey: Guid(611d8dd9983d293459f6a15e96baada0) Importer(2089858483,192608db42251d675da83286b1cce702)
Start importing Assets/TileMaps/New Palette.prefab using Guid(611d8dd9983d293459f6a15e96baada0) Importer(2089858483,192608db42251d675da83286b1cce702) (ScriptedImporter) -> (artifact id: '3640d79ba6f96b1f861b891027215515') in 0.0192078 seconds
Number of updated asset objects reloaded before import = 0Number of asset objects unloaded after import = 10

========================================================================
Received Import Request.
  Time since last request: 21.007507 seconds.
  path: Assets/TileMaps/New Palette.prefab
  artifactKey: Guid(611d8dd9983d293459f6a15e96baada0) Importer(815301076,1909f56bfc062723c751e8b465ee728b)
Start importing Assets/TileMaps/New Palette.prefab using Guid(611d8dd9983d293459f6a15e96baada0) Importer(815301076,1909f56bfc062723c751e8b465ee728b) (PreviewImporter) -> (artifact id: 'ea35a00f437eb09bc5d267539834a2a3') in 0.0461651 seconds
Number of updated asset objects reloaded before import = 0Number of asset objects unloaded after import = 11

========================================================================
Received Import Request.
  Time since last request: 0.737144 seconds.
  path: Assets/TileMaps/New Palette.prefab
  artifactKey: Guid(611d8dd9983d293459f6a15e96baada0) Importer(2089858483,192608db42251d675da83286b1cce702)
Start importing Assets/TileMaps/New Palette.prefab using Guid(611d8dd9983d293459f6a15e96baada0) Importer(2089858483,192608db42251d675da83286b1cce702) (ScriptedImporter) -> (artifact id: '7c5d3e406f474c9bcf3ff2d38f8b83df') in 0.0247116 seconds
Number of updated asset objects reloaded before import = 0Number of asset objects unloaded after import = 10

========================================================================
Received Import Request.
  Time since last request: 189.636604 seconds.
  path: Assets/TileMaps/quadrado-azul_0.asset
  artifactKey: Guid(888f608ccbc46c041b64abce79de4ab8) Importer(815301076,1909f56bfc062723c751e8b465ee728b)
Start importing Assets/TileMaps/quadrado-azul_0.asset using Guid(888f608ccbc46c041b64abce79de4ab8) Importer(815301076,1909f56bfc062723c751e8b465ee728b) (PreviewImporter) -> (artifact id: '2d1112d5fb6abd635d8f721f7eede956') in 0.0554623 seconds
Number of updated asset objects reloaded before import = 0Number of asset objects unloaded after import = 1

========================================================================
Received Import Request.
  Time since last request: 9.224600 seconds.
  path: Assets/TileMaps/quadrado-azul_1.asset
  artifactKey: Guid(c00d78a7b743c0b45a88163333a4e8f2) Importer(815301076,1909f56bfc062723c751e8b465ee728b)
Start importing Assets/TileMaps/quadrado-azul_1.asset using Guid(c00d78a7b743c0b45a88163333a4e8f2) Importer(815301076,1909f56bfc062723c751e8b465ee728b) (PreviewImporter) -> (artifact id: '0a614bc0b3f67754e127adcd73102997') in 0.1351028 seconds
Number of updated asset objects reloaded before import = 0Number of asset objects unloaded after import = 3

========================================================================
Received Import Request.
  Time since last request: 0.000044 seconds.
  path: Assets/TileMaps/quadrado-azul_4.asset
  artifactKey: Guid(7433e8c0138d98b45b9e500e04ff3811) Importer(815301076,1909f56bfc062723c751e8b465ee728b)
Start importing Assets/TileMaps/quadrado-azul_4.asset using Guid(7433e8c0138d98b45b9e500e04ff3811) Importer(815301076,1909f56bfc062723c751e8b465ee728b) (PreviewImporter) -> (artifact id: '48a782227880188466c1a1f40c89ba5b') in 0.0181981 seconds
Number of updated asset objects reloaded before import = 0Number of asset objects unloaded after import = 3

========================================================================
Received Import Request.
  Time since last request: 0.000057 seconds.
  path: Assets/TileMaps/quadrado-azul_8.asset
  artifactKey: Guid(08a0c531f5463f447bc46df4bba1b8aa) Importer(815301076,1909f56bfc062723c751e8b465ee728b)
Start importing Assets/TileMaps/quadrado-azul_8.asset using Guid(08a0c531f5463f447bc46df4bba1b8aa) Importer(815301076,1909f56bfc062723c751e8b465ee728b) (PreviewImporter) -> (artifact id: '55d164c5935befdf3ae67b733c1a90b1') in 0.0220312 seconds
Number of updated asset objects reloaded before import = 0Number of asset objects unloaded after import = 3

========================================================================
Received Import Request.
  Time since last request: 0.000043 seconds.
  path: Assets/TileMaps/quadrado-azul_5.asset
  artifactKey: Guid(82847ce05454f0a418751fe2d6107baf) Importer(815301076,1909f56bfc062723c751e8b465ee728b)
Start importing Assets/TileMaps/quadrado-azul_5.asset using Guid(82847ce05454f0a418751fe2d6107baf) Importer(815301076,1909f56bfc062723c751e8b465ee728b) (PreviewImporter) -> (artifact id: 'f8c0d7766c5a830ec844c921f650682f') in 0.020665 seconds
Number of updated asset objects reloaded before import = 0Number of asset objects unloaded after import = 3

========================================================================
Received Import Request.
  Time since last request: 0.000039 seconds.
  path: Assets/TileMaps/quadrado-azul_6.asset
  artifactKey: Guid(336befd34afe54744a8c04d05f74198b) Importer(815301076,1909f56bfc062723c751e8b465ee728b)
Start importing Assets/TileMaps/quadrado-azul_6.asset using Guid(336befd34afe54744a8c04d05f74198b) Importer(815301076,1909f56bfc062723c751e8b465ee728b) (PreviewImporter) -> (artifact id: '824582d5b0bd7a7767fe2795cd62539e') in 0.0163761 seconds
Number of updated asset objects reloaded before import = 0Number of asset objects unloaded after import = 3

========================================================================
Received Import Request.
  Time since last request: 0.000042 seconds.
  path: Assets/TileMaps/quadrado-azul_3.asset
  artifactKey: Guid(48da9cb8fbc9b82418d0ae0292221804) Importer(815301076,1909f56bfc062723c751e8b465ee728b)
Start importing Assets/TileMaps/quadrado-azul_3.asset using Guid(48da9cb8fbc9b82418d0ae0292221804) Importer(815301076,1909f56bfc062723c751e8b465ee728b) (PreviewImporter) -> (artifact id: '874f1b7b3d2a2132bffdf00083b1f280') in 0.0215349 seconds
Number of updated asset objects reloaded before import = 0Number of asset objects unloaded after import = 3

========================================================================
Received Import Request.
  Time since last request: 0.000084 seconds.
  path: Assets/TileMaps/quadrado-azul_9.asset
  artifactKey: Guid(e81a4388c8a40b34ca6196600d71dc50) Importer(815301076,1909f56bfc062723c751e8b465ee728b)
Start importing Assets/TileMaps/quadrado-azul_9.asset using Guid(e81a4388c8a40b34ca6196600d71dc50) Importer(815301076,1909f56bfc062723c751e8b465ee728b) (PreviewImporter) -> (artifact id: '39285b6e04a78ccc7ec1540d78fe023f') in 0.018694 seconds
Number of updated asset objects reloaded before import = 0Number of asset objects unloaded after import = 3

========================================================================
Received Import Request.
  Time since last request: 0.107987 seconds.
  path: Assets/TileMaps/quadrado-azul_1.asset
  artifactKey: Guid(c00d78a7b743c0b45a88163333a4e8f2) Importer(2089858483,192608db42251d675da83286b1cce702)
Start importing Assets/TileMaps/quadrado-azul_1.asset using Guid(c00d78a7b743c0b45a88163333a4e8f2) Importer(2089858483,192608db42251d675da83286b1cce702) (ScriptedImporter) -> (artifact id: 'e5ddca694c9f29cef8e6ca1a5379938c') in 0.0381397 seconds
Number of updated asset objects reloaded before import = 0Number of asset objects unloaded after import = 2

========================================================================
Received Import Request.
  Time since last request: 0.000052 seconds.
  path: Assets/PalletesSLA/New Palette.prefab
  artifactKey: Guid(0dbeeee0461228f49aa917aac49dc330) Importer(2089858483,192608db42251d675da83286b1cce702)
Start importing Assets/PalletesSLA/New Palette.prefab using Guid(0dbeeee0461228f49aa917aac49dc330) Importer(2089858483,192608db42251d675da83286b1cce702) (ScriptedImporter) -> (artifact id: '382226626dfb40208e1300cfaf935fb7') in 0.0275867 seconds
Number of updated asset objects reloaded before import = 0Number of asset objects unloaded after import = 12

========================================================================
Received Import Request.
  Time since last request: 0.000075 seconds.
  path: Assets/TileMaps/quadrado-azul_7.asset
  artifactKey: Guid(494723389c840a44e87ad69be66fcd37) Importer(2089858483,192608db42251d675da83286b1cce702)
Start importing Assets/TileMaps/quadrado-azul_7.asset using Guid(494723389c840a44e87ad69be66fcd37) Importer(2089858483,192608db42251d675da83286b1cce702) (ScriptedImporter) -> (artifact id: '683995513bdec0165f29917c9aeffdc1') in 0.0196474 seconds
Number of updated asset objects reloaded before import = 0Number of asset objects unloaded after import = 2

========================================================================
Received Import Request.
  Time since last request: 0.000050 seconds.
  path: Assets/TileMaps/quadrado-azul_15.asset
  artifactKey: Guid(a7f95860681d65f4dbb55f3fa2dd55fc) Importer(2089858483,192608db42251d675da83286b1cce702)
Start importing Assets/TileMaps/quadrado-azul_15.asset using Guid(a7f95860681d65f4dbb55f3fa2dd55fc) Importer(2089858483,192608db42251d675da83286b1cce702) (ScriptedImporter) -> (artifact id: 'd00cf5b8da4e0c0f7b2768da13cde619') in 0.0177186 seconds
Number of updated asset objects reloaded before import = 0Number of asset objects unloaded after import = 2

========================================================================
Received Import Request.
  Time since last request: 0.000037 seconds.
  path: Assets/TileMaps/quadrado-azul_9.asset
  artifactKey: Guid(e81a4388c8a40b34ca6196600d71dc50) Importer(2089858483,192608db42251d675da83286b1cce702)
Start importing Assets/TileMaps/quadrado-azul_9.asset using Guid(e81a4388c8a40b34ca6196600d71dc50) Importer(2089858483,192608db42251d675da83286b1cce702) (ScriptedImporter) -> (artifact id: 'a8b62f8cbc2cadd9d9a7eaa7558e3288') in 0.0145164 seconds
Number of updated asset objects reloaded before import = 0Number of asset objects unloaded after import = 2

========================================================================
Received Import Request.
  Time since last request: 0.000052 seconds.
  path: Assets/TileMaps/quadrado-azul_12.asset
  artifactKey: Guid(a0df06bfc15ed374fabd539a2b19e9e2) Importer(2089858483,192608db42251d675da83286b1cce702)
Start importing Assets/TileMaps/quadrado-azul_12.asset using Guid(a0df06bfc15ed374fabd539a2b19e9e2) Importer(2089858483,192608db42251d675da83286b1cce702) (ScriptedImporter) -> (artifact id: '36c8f319f7625659192c296e8373978c') in 0.0177052 seconds
Number of updated asset objects reloaded before import = 0Number of asset objects unloaded after import = 2

========================================================================
Received Import Request.
  Time since last request: 0.000053 seconds.
  path: Assets/TileMaps/quadrado-azul_10.asset
  artifactKey: Guid(a83cdc3a4c654dd49b20b3fc677e329a) Importer(2089858483,192608db42251d675da83286b1cce702)
Start importing Assets/TileMaps/quadrado-azul_10.asset using Guid(a83cdc3a4c654dd49b20b3fc677e329a) Importer(2089858483,192608db42251d675da83286b1cce702) (ScriptedImporter) -> (artifact id: '916fdd23dc56116a4f749ced484b626d') in 0.0156545 seconds
Number of updated asset objects reloaded before import = 0Number of asset objects unloaded after import = 2

========================================================================
Received Import Request.
  Time since last request: 0.000036 seconds.
  path: Assets/TileMaps/quadrado-azul_4.asset
  artifactKey: Guid(7433e8c0138d98b45b9e500e04ff3811) Importer(2089858483,192608db42251d675da83286b1cce702)
Start importing Assets/TileMaps/quadrado-azul_4.asset using Guid(7433e8c0138d98b45b9e500e04ff3811) Importer(2089858483,192608db42251d675da83286b1cce702) (ScriptedImporter) -> (artifact id: 'b560cc7a134c050d79fca6420d22c5c3') in 0.0107638 seconds
Number of updated asset objects reloaded before import = 0Number of asset objects unloaded after import = 2

========================================================================
Received Import Request.
  Time since last request: 224.120224 seconds.
  path: Assets/TileMaps/New Palette.prefab
  artifactKey: Guid(611d8dd9983d293459f6a15e96baada0) Importer(815301076,1909f56bfc062723c751e8b465ee728b)
Start importing Assets/TileMaps/New Palette.prefab using Guid(611d8dd9983d293459f6a15e96baada0) Importer(815301076,1909f56bfc062723c751e8b465ee728b) (PreviewImporter) -> (artifact id: '9a670970875471f668e6dd63673affc3') in 0.0242748 seconds
Number of updated asset objects reloaded before import = 0Number of asset objects unloaded after import = 13

========================================================================
Received Import Request.
  Time since last request: 874.873205 seconds.
  path: Assets/TileMaps/tilemap-water_0.asset
  artifactKey: Guid(b451033e2403b9f429ff90503ecd74c4) Importer(815301076,1909f56bfc062723c751e8b465ee728b)
Start importing Assets/TileMaps/tilemap-water_0.asset using Guid(b451033e2403b9f429ff90503ecd74c4) Importer(815301076,1909f56bfc062723c751e8b465ee728b) (PreviewImporter) -> (artifact id: 'f228d85efac8fc5ace1c2f1d80eaf1f3') in 0.0370438 seconds
Number of updated asset objects reloaded before import = 0Number of asset objects unloaded after import = 3

========================================================================
Received Import Request.
  Time since last request: 0.779727 seconds.
  path: Assets/TileMaps/New Palette.prefab
  artifactKey: Guid(611d8dd9983d293459f6a15e96baada0) Importer(2089858483,192608db42251d675da83286b1cce702)
Start importing Assets/TileMaps/New Palette.prefab using Guid(611d8dd9983d293459f6a15e96baada0) Importer(2089858483,192608db42251d675da83286b1cce702) (ScriptedImporter) -> (artifact id: '120469da55cc5fa081df320381f437b0') in 0.0328663 seconds
Number of updated asset objects reloaded before import = 0Number of asset objects unloaded after import = 10

========================================================================
Received Import Request.
  Time since last request: 8.711959 seconds.
  path: Assets/TileMaps/tilemap-water_0.asset
  artifactKey: Guid(b451033e2403b9f429ff90503ecd74c4) Importer(815301076,1909f56bfc062723c751e8b465ee728b)
Start importing Assets/TileMaps/tilemap-water_0.asset using Guid(b451033e2403b9f429ff90503ecd74c4) Importer(815301076,1909f56bfc062723c751e8b465ee728b) (PreviewImporter) -> (artifact id: '18a2d4a0635667d0bd7a24b365e45b96') in 0.0101696 seconds
Number of updated asset objects reloaded before import = 0Number of asset objects unloaded after import = 3

========================================================================
Received Import Request.
  Time since last request: 4.388897 seconds.
  path: Assets/TileMaps/tilemap-water_0.asset
  artifactKey: Guid(b451033e2403b9f429ff90503ecd74c4) Importer(815301076,1909f56bfc062723c751e8b465ee728b)
Start importing Assets/TileMaps/tilemap-water_0.asset using Guid(b451033e2403b9f429ff90503ecd74c4) Importer(815301076,1909f56bfc062723c751e8b465ee728b) (PreviewImporter) -> (artifact id: '751d456c38110f1183e18eaac444969e') in 0.0078704 seconds
Number of updated asset objects reloaded before import = 0Number of asset objects unloaded after import = 3

